#
# There is insufficient memory for the Java Runtime Environment to continue.
# Native memory allocation (malloc) failed to allocate 1022256 bytes for Chunk::new
# Possible reasons:
#   The system is out of physical RAM or swap space
#   The process is running with CompressedOops enabled, and the Java Heap may be blocking the growth of the native heap
# Possible solutions:
#   Reduce memory load on the system
#   Increase physical memory or swap space
#   Check if swap backing store is full
#   Decrease Java heap size (-Xmx/-Xms)
#   Decrease number of Java threads
#   Decrease Java thread stack sizes (-Xss)
#   Set larger code cache with -XX:ReservedCodeCacheSize=
#   JVM is running with Unscaled Compressed Oops mode in which the Java heap is
#     placed in the first 4GB address space. The Java Heap base address is the
#     maximum limit for the native heap growth. Please use -XX:HeapBaseMinAddress
#     to set the Java Heap base and to place the Java Heap above 4GB virtual address.
# This output file may be truncated or incomplete.
#
#  Out of Memory Error (allocation.cpp:389), pid=8864, tid=0x00000000000006ec
#
# JRE version: OpenJDK Runtime Environment (8.0_202-b03) (build 1.8.0_202-release-1483-b03)
# Java VM: OpenJDK 64-Bit Server VM (25.202-b03 mixed mode windows-amd64 compressed oops)
# Failed to write core dump. Minidumps are not enabled by default on client versions of Windows
#

---------------  T H R E A D  ---------------

Current thread (0x000000001419b000):  JavaThread "C2 CompilerThread0" daemon [_thread_in_native, id=1772, stack(0x00000000157f0000,0x00000000158f0000)]

Stack: [0x00000000157f0000,0x00000000158f0000]
[error occurred during error reporting (printing stack bounds), id 0xc0000005]

Native frames: (J=compiled Java code, j=interpreted, Vv=VM code, C=native code)


Current CompileTask:
C2: 412389 12771       4       com.android.tools.r8.ir.regalloc.LinearScanRegisterAllocator::a (261 bytes)


---------------  P R O C E S S  ---------------

Java Threads: ( => current thread )
  0x000000001a8e4800 JavaThread "Cache worker for execution history cache (C:\Users\mahdi120012\AndroidStudioProjects\HozorGhiyab\.gradle\5.4.1\executionHistory)" [_thread_blocked, id=5044, stack(0x0000000021d90000,0x0000000021e90000)]
  0x000000001a8e5800 JavaThread "Execution worker for ':' Thread 3" [_thread_in_Java, id=4616, stack(0x0000000021a30000,0x0000000021b30000)]
  0x000000001a0da800 JavaThread "Execution worker for ':' Thread 2" [_thread_blocked, id=6088, stack(0x0000000021930000,0x0000000021a30000)]
  0x000000001a0db000 JavaThread "Execution worker for ':'" [_thread_blocked, id=9344, stack(0x0000000021630000,0x0000000021730000)]
  0x000000001a0d8800 JavaThread "Cache worker for file content cache (C:\Users\mahdi120012\AndroidStudioProjects\HozorGhiyab\.gradle\5.4.1\fileContent)" [_thread_blocked, id=10616, stack(0x0000000021530000,0x0000000021630000)]
  0x000000001a0d8000 JavaThread "Cache worker for Build Output Cleanup Cache (C:\Users\mahdi120012\AndroidStudioProjects\HozorGhiyab\.gradle\buildOutputCleanup)" [_thread_blocked, id=5912, stack(0x0000000021330000,0x0000000021430000)]
  0x000000001a0d7000 JavaThread "pool-5-thread-1" [_thread_blocked, id=5452, stack(0x000000001e430000,0x000000001e530000)]
  0x000000001a0cf800 JavaThread "Build operations Thread 4" [_thread_blocked, id=8628, stack(0x0000000020e00000,0x0000000020f00000)]
  0x000000001a0d6800 JavaThread "Build operations Thread 3" [_thread_blocked, id=2060, stack(0x0000000020400000,0x0000000020500000)]
  0x000000001a0d5800 JavaThread "Build operations Thread 2" [_thread_blocked, id=7708, stack(0x000000001fc90000,0x000000001fd90000)]
  0x000000001a0d5000 JavaThread "Build operations" [_thread_blocked, id=2680, stack(0x000000001f790000,0x000000001f890000)]
  0x000000001a0d4000 JavaThread "Cache worker for cache directory md-rule (C:\Users\mahdi120012\.gradle\caches\5.4.1\md-rule)" [_thread_blocked, id=8156, stack(0x000000001e330000,0x000000001e430000)]
  0x000000001a0cc000 JavaThread "Cache worker for cache directory md-supplier (C:\Users\mahdi120012\.gradle\caches\5.4.1\md-supplier)" [_thread_blocked, id=5388, stack(0x000000001e230000,0x000000001e330000)]
  0x000000001a0cf000 JavaThread "Cache worker for file hash cache (C:\Users\mahdi120012\AndroidStudioProjects\HozorGhiyab\.gradle\5.4.1\fileHashes)" [_thread_blocked, id=11136, stack(0x000000001c7b0000,0x000000001c8b0000)]
  0x000000001a0d0800 JavaThread "Thread-54" [_thread_blocked, id=7300, stack(0x0000000019a10000,0x0000000019b10000)]
  0x000000001a0d2800 JavaThread "Stdin handler" [_thread_blocked, id=9756, stack(0x0000000019710000,0x0000000019810000)]
  0x000000001a0cd800 JavaThread "Asynchronous log dispatcher for DefaultDaemonConnection: socket connection from /127.0.0.1:49902 to /127.0.0.1:50399" [_thread_blocked, id=384, stack(0x0000000019610000,0x0000000019710000)]
  0x000000001a0d2000 JavaThread "Cancel handler" [_thread_blocked, id=1484, stack(0x0000000019210000,0x0000000019310000)]
  0x000000001a0cc800 JavaThread "Handler for socket connection from /127.0.0.1:49902 to /127.0.0.1:50399" [_thread_in_native, id=5140, stack(0x00000000029f0000,0x0000000002af0000)]
  0x000000001a8ee800 JavaThread "Cache worker for file content cache (C:\Users\mahdi120012\.gradle\caches\5.4.1\fileContent)" [_thread_blocked, id=8656, stack(0x0000000021430000,0x0000000021530000)]
  0x000000001a8e1000 JavaThread "Daemon worker Thread 2" [_thread_blocked, id=8668, stack(0x0000000019310000,0x0000000019410000)]
  0x000000001a8e4000 JavaThread "Daemon Thread 2" [_thread_blocked, id=8284, stack(0x0000000001050000,0x0000000001150000)]
  0x000000001a8e0000 JavaThread "Memory manager" [_thread_blocked, id=8972, stack(0x0000000020b00000,0x0000000020c00000)]
  0x000000001a8df800 JavaThread "Cache worker for execution history cache (C:\Users\mahdi120012\.gradle\caches\5.4.1\executionHistory)" [_thread_blocked, id=6616, stack(0x000000001dd30000,0x000000001de30000)]
  0x0000000017a0d800 JavaThread "Cache worker for journal cache (C:\Users\mahdi120012\.gradle\caches\journal-1)" [_thread_blocked, id=3876, stack(0x0000000019d10000,0x0000000019e10000)]
  0x0000000017a07000 JavaThread "File lock request listener" [_thread_in_native, id=1576, stack(0x0000000019c10000,0x0000000019d10000)]
  0x0000000017a0c800 JavaThread "Cache worker for file hash cache (C:\Users\mahdi120012\.gradle\caches\5.4.1\fileHashes)" [_thread_blocked, id=6716, stack(0x0000000019b10000,0x0000000019c10000)]
  0x0000000017716000 JavaThread "Daemon periodic checks" [_thread_blocked, id=8732, stack(0x0000000019110000,0x0000000019210000)]
  0x0000000017713800 JavaThread "Incoming local TCP Connector on port 49902" [_thread_in_native, id=10600, stack(0x0000000018ed0000,0x0000000018fd0000)]
  0x0000000016bfb800 JavaThread "Daemon health stats" [_thread_blocked, id=9868, stack(0x0000000018890000,0x0000000018990000)]
  0x00000000141fb000 JavaThread "Service Thread" daemon [_thread_blocked, id=6888, stack(0x0000000015ef0000,0x0000000015ff0000)]
  0x00000000141f5000 JavaThread "C1 CompilerThread2" daemon [_thread_in_native, id=10812, stack(0x00000000159f0000,0x0000000015af0000)]
  0x000000001419f800 JavaThread "C2 CompilerThread1" daemon [_thread_in_native, id=10960, stack(0x00000000158f0000,0x00000000159f0000)]
=>0x000000001419b000 JavaThread "C2 CompilerThread0" daemon [_thread_in_native, id=1772, stack(0x00000000157f0000,0x00000000158f0000)]
  0x000000001419a000 JavaThread "Attach Listener" daemon [_thread_blocked, id=9412, stack(0x00000000156f0000,0x00000000157f0000)]
  0x0000000014198800 JavaThread "Signal Dispatcher" daemon [_thread_blocked, id=8172, stack(0x00000000155f0000,0x00000000156f0000)]
  0x0000000002e2b000 JavaThread "Finalizer" daemon [_thread_blocked, id=5836, stack(0x00000000153f0000,0x00000000154f0000)]
  0x0000000014189000 JavaThread "Reference Handler" daemon [_thread_blocked, id=10648, stack(0x00000000152f0000,0x00000000153f0000)]
  0x0000000002d2d800 JavaThread "main" [_thread_blocked, id=10368, stack(0x0000000002b40000,0x0000000002c40000)]

Other Threads:
  0x0000000014166000 VMThread [stack: 0x00000000151f0000,0x00000000152f0000] [id=10604]
  0x00000000141fc000 WatcherThread [stack: 0x0000000015ff0000,0x00000000160f0000] [id=7060]

VM state:not at safepoint (normal execution)

VM Mutex/Monitor currently owned by a thread: None

heap address: 0x00000000e0000000, size: 512 MB, Compressed Oops mode: 32-bit
Narrow klass base: 0x0000000000000000, Narrow klass shift: 3
Compressed class space size: 1073741824 Address: 0x0000000100000000

Heap:
 PSYoungGen      total 134144K, used 96543K [0x00000000f5580000, 0x0000000100000000, 0x0000000100000000)
  eden space 103936K, 63% used [0x00000000f5580000,0x00000000f9648248,0x00000000fbb00000)
  from space 30208K, 99% used [0x00000000fe280000,0x00000000fffffc20,0x0000000100000000)
  to   space 35328K, 0% used [0x00000000fbb00000,0x00000000fbb00000,0x00000000fdd80000)
 ParOldGen       total 261120K, used 46986K [0x00000000e0000000, 0x00000000eff00000, 0x00000000f5580000)
  object space 261120K, 17% used [0x00000000e0000000,0x00000000e2de2a60,0x00000000eff00000)
 Metaspace       used 80266K, capacity 83452K, committed 83544K, reserved 1122304K
  class space    used 10645K, capacity 11305K, committed 11392K, reserved 1048576K

Card table byte_map: [0x00000000121f0000,0x0000000012300000] byte_map_base: 0x0000000011af0000

Marking Bits: (ParMarkBitMap*) 0x0000000076929f30
 Begin Bits: [0x0000000012700000, 0x0000000012f00000)
 End Bits:   [0x0000000012f00000, 0x0000000013700000)

Polling page: 0x0000000000e70000

CodeCache: size=245760Kb used=35976Kb max_used=35976Kb free=209783Kb
 bounds [0x0000000002e30000, 0x0000000005180000, 0x0000000011e30000]
 total_blobs=11975 nmethods=11134 adapters=752
 compilation: enabled

Compilation events (10 events):
Event: 412.361 Thread 0x00000000141f5000 12832       3       com.android.tools.r8.graph.DexField::b (62 bytes)
Event: 412.362 Thread 0x00000000141f5000 nmethod 12832 0x000000000510f050 code [0x000000000510f280, 0x00000000051102a8]
Event: 412.362 Thread 0x00000000141f5000 12833       3       com.android.tools.r8.ir.desugar.I::a (869 bytes)
Event: 412.379 Thread 0x00000000141f5000 nmethod 12833 0x0000000005153d90 code [0x0000000005155900, 0x000000000516a598]
Event: 412.379 Thread 0x00000000141f5000 12834       1       com.android.tools.r8.ir.code.ConstNumber::asConstNumber (2 bytes)
Event: 412.379 Thread 0x00000000141f5000 nmethod 12834 0x000000000510ed90 code [0x000000000510eee0, 0x000000000510eff0]
Event: 412.381 Thread 0x00000000141f5000 12836       3       com.android.tools.r8.m.a.a.b.i::hasNext (10 bytes)
Event: 412.382 Thread 0x00000000141f5000 nmethod 12836 0x000000000510e950 code [0x000000000510eac0, 0x000000000510ece8]
Event: 412.382 Thread 0x00000000141f5000 12837       1       com.android.tools.r8.ir.code.CheckCast::instructionTypeCanThrow (2 bytes)
Event: 412.383 Thread 0x00000000141f5000 nmethod 12837 0x000000000510e690 code [0x000000000510e7e0, 0x000000000510e8f0]

GC Heap History (10 events):
Event: 343.082 GC heap before
{Heap before GC invocations=13 (full 3):
 PSYoungGen      total 150528K, used 133120K [0x00000000f5580000, 0x0000000100000000, 0x0000000100000000)
  eden space 133120K, 100% used [0x00000000f5580000,0x00000000fd780000,0x00000000fd780000)
  from space 17408K, 0% used [0x00000000fd780000,0x00000000fd780000,0x00000000fe880000)
  to   space 19968K, 0% used [0x00000000fec80000,0x00000000fec80000,0x0000000100000000)
 ParOldGen       total 261120K, used 33909K [0x00000000e0000000, 0x00000000eff00000, 0x00000000f5580000)
  object space 261120K, 12% used [0x00000000e0000000,0x00000000e211d460,0x00000000eff00000)
 Metaspace       used 64545K, capacity 66498K, committed 66776K, reserved 1107968K
  class space    used 8474K, capacity 8934K, committed 8960K, reserved 1048576K
Event: 343.100 GC heap after
Heap after GC invocations=13 (full 3):
 PSYoungGen      total 154624K, used 13855K [0x00000000f5580000, 0x0000000100000000, 0x0000000100000000)
  eden space 134656K, 0% used [0x00000000f5580000,0x00000000f5580000,0x00000000fd900000)
  from space 19968K, 69% used [0x00000000fec80000,0x00000000ffa07ea8,0x0000000100000000)
  to   space 19968K, 0% used [0x00000000fd900000,0x00000000fd900000,0x00000000fec80000)
 ParOldGen       total 261120K, used 33917K [0x00000000e0000000, 0x00000000eff00000, 0x00000000f5580000)
  object space 261120K, 12% used [0x00000000e0000000,0x00000000e211f460,0x00000000eff00000)
 Metaspace       used 64545K, capacity 66498K, committed 66776K, reserved 1107968K
  class space    used 8474K, capacity 8934K, committed 8960K, reserved 1048576K
}
Event: 347.727 GC heap before
{Heap before GC invocations=14 (full 3):
 PSYoungGen      total 154624K, used 148511K [0x00000000f5580000, 0x0000000100000000, 0x0000000100000000)
  eden space 134656K, 100% used [0x00000000f5580000,0x00000000fd900000,0x00000000fd900000)
  from space 19968K, 69% used [0x00000000fec80000,0x00000000ffa07ea8,0x0000000100000000)
  to   space 19968K, 0% used [0x00000000fd900000,0x00000000fd900000,0x00000000fec80000)
 ParOldGen       total 261120K, used 33917K [0x00000000e0000000, 0x00000000eff00000, 0x00000000f5580000)
  object space 261120K, 12% used [0x00000000e0000000,0x00000000e211f460,0x00000000eff00000)
 Metaspace       used 67747K, capacity 69822K, committed 70104K, reserved 1110016K
  class space    used 8860K, capacity 9378K, committed 9472K, reserved 1048576K
Event: 347.748 GC heap after
Heap after GC invocations=14 (full 3):
 PSYoungGen      total 153088K, used 18143K [0x00000000f5580000, 0x0000000100000000, 0x0000000100000000)
  eden space 134656K, 0% used [0x00000000f5580000,0x00000000f5580000,0x00000000fd900000)
  from space 18432K, 98% used [0x00000000fd900000,0x00000000feab7fb8,0x00000000feb00000)
  to   space 21504K, 0% used [0x00000000feb00000,0x00000000feb00000,0x0000000100000000)
 ParOldGen       total 261120K, used 33925K [0x00000000e0000000, 0x00000000eff00000, 0x00000000f5580000)
  object space 261120K, 12% used [0x00000000e0000000,0x00000000e2121460,0x00000000eff00000)
 Metaspace       used 67747K, capacity 69822K, committed 70104K, reserved 1110016K
  class space    used 8860K, capacity 9378K, committed 9472K, reserved 1048576K
}
Event: 349.490 GC heap before
{Heap before GC invocations=15 (full 3):
 PSYoungGen      total 153088K, used 152799K [0x00000000f5580000, 0x0000000100000000, 0x0000000100000000)
  eden space 134656K, 100% used [0x00000000f5580000,0x00000000fd900000,0x00000000fd900000)
  from space 18432K, 98% used [0x00000000fd900000,0x00000000feab7fb8,0x00000000feb00000)
  to   space 21504K, 0% used [0x00000000feb00000,0x00000000feb00000,0x0000000100000000)
 ParOldGen       total 261120K, used 33940K [0x00000000e0000000, 0x00000000eff00000, 0x00000000f5580000)
  object space 261120K, 12% used [0x00000000e0000000,0x00000000e21250a8,0x00000000eff00000)
 Metaspace       used 70046K, capacity 72306K, committed 72408K, reserved 1112064K
  class space    used 9174K, capacity 9688K, committed 9728K, reserved 1048576K
Event: 349.519 GC heap after
Heap after GC invocations=15 (full 3):
 PSYoungGen      total 139776K, used 21497K [0x00000000f5580000, 0x0000000100000000, 0x0000000100000000)
  eden space 118272K, 0% used [0x00000000f5580000,0x00000000f5580000,0x00000000fc900000)
  from space 21504K, 99% used [0x00000000feb00000,0x00000000ffffe538,0x0000000100000000)
  to   space 28160K, 0% used [0x00000000fc900000,0x00000000fc900000,0x00000000fe480000)
 ParOldGen       total 261120K, used 44884K [0x00000000e0000000, 0x00000000eff00000, 0x00000000f5580000)
  object space 261120K, 17% used [0x00000000e0000000,0x00000000e2bd50d0,0x00000000eff00000)
 Metaspace       used 70046K, capacity 72306K, committed 72408K, reserved 1112064K
  class space    used 9174K, capacity 9688K, committed 9728K, reserved 1048576K
}
Event: 408.611 GC heap before
{Heap before GC invocations=16 (full 3):
 PSYoungGen      total 139776K, used 139769K [0x00000000f5580000, 0x0000000100000000, 0x0000000100000000)
  eden space 118272K, 100% used [0x00000000f5580000,0x00000000fc900000,0x00000000fc900000)
  from space 21504K, 99% used [0x00000000feb00000,0x00000000ffffe538,0x0000000100000000)
  to   space 28160K, 0% used [0x00000000fc900000,0x00000000fc900000,0x00000000fe480000)
 ParOldGen       total 261120K, used 44890K [0x00000000e0000000, 0x00000000eff00000, 0x00000000f5580000)
  object space 261120K, 17% used [0x00000000e0000000,0x00000000e2bd68f0,0x00000000eff00000)
 Metaspace       used 72499K, capacity 75078K, committed 75224K, reserved 1114112K
  class space    used 9580K, capacity 10142K, committed 10240K, reserved 1048576K
Event: 408.659 GC heap after
Heap after GC invocations=16 (full 3):
 PSYoungGen      total 143360K, used 24632K [0x00000000f5580000, 0x0000000100000000, 0x0000000100000000)
  eden space 118272K, 0% used [0x00000000f5580000,0x00000000f5580000,0x00000000fc900000)
  from space 25088K, 98% used [0x00000000fc900000,0x00000000fe10e160,0x00000000fe180000)
  to   space 30208K, 0% used [0x00000000fe280000,0x00000000fe280000,0x0000000100000000)
 ParOldGen       total 261120K, used 44898K [0x00000000e0000000, 0x00000000eff00000, 0x00000000f5580000)
  object space 261120K, 17% used [0x00000000e0000000,0x00000000e2bd88f0,0x00000000eff00000)
 Metaspace       used 72499K, capacity 75078K, committed 75224K, reserved 1114112K
  class space    used 9580K, capacity 10142K, committed 10240K, reserved 1048576K
}
Event: 411.307 GC heap before
{Heap before GC invocations=17 (full 3):
 PSYoungGen      total 143360K, used 142904K [0x00000000f5580000, 0x0000000100000000, 0x0000000100000000)
  eden space 118272K, 100% used [0x00000000f5580000,0x00000000fc900000,0x00000000fc900000)
  from space 25088K, 98% used [0x00000000fc900000,0x00000000fe10e160,0x00000000fe180000)
  to   space 30208K, 0% used [0x00000000fe280000,0x00000000fe280000,0x0000000100000000)
 ParOldGen       total 261120K, used 44898K [0x00000000e0000000, 0x00000000eff00000, 0x00000000f5580000)
  object space 261120K, 17% used [0x00000000e0000000,0x00000000e2bd88f0,0x00000000eff00000)
 Metaspace       used 77507K, capacity 80342K, committed 80600K, reserved 1118208K
  class space    used 10316K, capacity 10910K, committed 11008K, reserved 1048576K
Event: 411.332 GC heap after
Heap after GC invocations=17 (full 3):
 PSYoungGen      total 134144K, used 30207K [0x00000000f5580000, 0x0000000100000000, 0x0000000100000000)
  eden space 103936K, 0% used [0x00000000f5580000,0x00000000f5580000,0x00000000fbb00000)
  from space 30208K, 99% used [0x00000000fe280000,0x00000000fffffc20,0x0000000100000000)
  to   space 35328K, 0% used [0x00000000fbb00000,0x00000000fbb00000,0x00000000fdd80000)
 ParOldGen       total 261120K, used 46986K [0x00000000e0000000, 0x00000000eff00000, 0x00000000f5580000)
  object space 261120K, 17% used [0x00000000e0000000,0x00000000e2de2a60,0x00000000eff00000)
 Metaspace       used 77507K, capacity 80342K, committed 80600K, reserved 1118208K
  class space    used 10316K, capacity 10910K, committed 11008K, reserved 1048576K
}

Deoptimization events (10 events):
Event: 412.071 Thread 0x000000001a8e5800 Uncommon trap: reason=null_check action=make_not_entrant pc=0x00000000049e0684 method=org.gradle.api.internal.changedetection.state.CachingFileHasher.snapshot(Ljava/io/File;JJ)Lorg/gradle/api/internal/changedetection/state/CachingFileHasher$FileInfo; @ 31
Event: 412.077 Thread 0x000000001a8e5800 Uncommon trap: reason=array_check action=maybe_recompile pc=0x0000000004fd2260 method=java.util.TimSort.reverseRange([Ljava/lang/Object;II)V @ 27
Event: 412.085 Thread 0x000000001a8e5800 Uncommon trap: reason=unstable_if action=reinterpret pc=0x0000000004ccb568 method=com.android.tools.r8.t.a.a.f.a(II[C)Ljava/lang/String; @ 32
Event: 412.085 Thread 0x000000001a8e5800 Uncommon trap: reason=unstable_if action=reinterpret pc=0x0000000004c66014 method=com.android.tools.r8.graph.DexString.<init>(Ljava/lang/String;)V @ 32
Event: 412.099 Thread 0x000000001a8e5800 Uncommon trap: reason=unstable_if action=reinterpret pc=0x0000000004f8a424 method=com.android.tools.r8.graph.DexString.slowCompareTo(Lcom/android/tools/r8/graph/DexString;)I @ 57
Event: 412.099 Thread 0x000000001a8e5800 Uncommon trap: reason=unstable_if action=reinterpret pc=0x0000000004f8add4 method=com.android.tools.r8.graph.DexString.slowCompareTo(Lcom/android/tools/r8/graph/DexString;)I @ 57
Event: 412.100 Thread 0x000000001a8e5800 Uncommon trap: reason=array_check action=maybe_recompile pc=0x0000000004fd2260 method=java.util.TimSort.reverseRange([Ljava/lang/Object;II)V @ 27
Event: 412.113 Thread 0x000000001a8e5800 Uncommon trap: reason=unstable_if action=reinterpret pc=0x00000000047d19c0 method=org.gradle.api.internal.changedetection.state.GlobalScopeFileTimeStampInspector.timestampCanBeUsedToDetectFileChange(Ljava/lang/String;J)Z @ 37
Event: 412.217 Thread 0x000000001a8e5800 Uncommon trap: reason=unstable_if action=reinterpret pc=0x0000000004f935b0 method=com.android.tools.r8.ir.conversion.X.a(I[Lcom/android/tools/r8/ir/conversion/P;Lcom/android/tools/r8/m/a/a/b/d0;)Z @ 259
Event: 412.223 Thread 0x000000001a8e5800 Uncommon trap: reason=unstable_if action=reinterpret pc=0x0000000005028348 method=com.android.tools.r8.ir.analysis.g.e.b(Lcom/android/tools/r8/ir/code/Instruction;)V @ 357

Classes redefined (0 events):
No events

Internal exceptions (10 events):
Event: 410.864 Thread 0x000000001a8e5800 Exception <a 'sun/nio/fs/WindowsException'> (0x00000000fb40e958) thrown at [D:\src\AOSP-openjdk-cygwin\jdk8u\hotspot\src\share\vm\prims\jni.cpp, line 710]
Event: 411.172 Thread 0x000000001a8e5800 Exception <a 'java/lang/NoSuchMethodError': java.lang.Object.lambda$maxBy$1(Ljava/util/Comparator;Ljava/lang/Object;Ljava/lang/Object;)Ljava/lang/Object;> (0x00000000fc58e468) thrown at [D:\src\AOSP-openjdk-cygwin\jdk8u\hotspot\src\share\vm\interpreter\li
Event: 411.333 Thread 0x000000001a8e5800 Implicit null exception at 0x0000000004c13034 to 0x0000000004c16bcd
Event: 412.062 Thread 0x000000001a8e5800 Exception <a 'sun/nio/fs/WindowsException'> (0x00000000f7f26f28) thrown at [D:\src\AOSP-openjdk-cygwin\jdk8u\hotspot\src\share\vm\prims\jni.cpp, line 710]
Event: 412.069 Thread 0x000000001a8e5800 Implicit null exception at 0x00000000041c609f to 0x00000000041c64f5
Event: 412.071 Thread 0x000000001a8e5800 Implicit null exception at 0x00000000049dd017 to 0x00000000049e0651
Event: 412.082 Thread 0x000000001a8e5800 Exception <a 'sun/nio/fs/WindowsException'> (0x00000000f7fb5070) thrown at [D:\src\AOSP-openjdk-cygwin\jdk8u\hotspot\src\share\vm\prims\jni.cpp, line 710]
Event: 412.108 Thread 0x000000001a8e5800 Exception <a 'sun/nio/fs/WindowsException'> (0x00000000f81862b8) thrown at [D:\src\AOSP-openjdk-cygwin\jdk8u\hotspot\src\share\vm\prims\jni.cpp, line 710]
Event: 412.148 Thread 0x000000001a8e5800 Exception <a 'sun/nio/fs/WindowsException'> (0x00000000f82dd090) thrown at [D:\src\AOSP-openjdk-cygwin\jdk8u\hotspot\src\share\vm\prims\jni.cpp, line 710]
Event: 412.217 Thread 0x000000001a8e5800 Implicit null exception at 0x0000000004f919e8 to 0x0000000004f9356d

Events (10 events):
Event: 412.289 loading class com/android/tools/r8/code/b1
Event: 412.289 loading class com/android/tools/r8/code/b1 done
Event: 412.290 loading class com/android/tools/r8/code/Z0
Event: 412.290 loading class com/android/tools/r8/code/Z0 done
Event: 412.295 Executing VM operation: ForceSafepoint
Event: 412.295 Executing VM operation: ForceSafepoint done
Event: 412.306 loading class com/android/tools/r8/graph/AppInfo$d
Event: 412.306 loading class com/android/tools/r8/graph/AppInfo$d done
Event: 412.307 loading class com/android/tools/r8/graph/AppInfo$b
Event: 412.307 loading class com/android/tools/r8/graph/AppInfo$b done


Dynamic libraries:
0x00007ff7720c0000 - 0x00007ff7720f1000 	C:\Program Files\Android\Android Studio\jre\bin\java.exe
0x00007fffdaa20000 - 0x00007fffdac10000 	C:\Windows\SYSTEM32\ntdll.dll
0x00007fffda7e0000 - 0x00007fffda892000 	C:\Windows\System32\KERNEL32.DLL
0x00007fffd7b20000 - 0x00007fffd7dc3000 	C:\Windows\System32\KERNELBASE.dll
0x00007fffd8b10000 - 0x00007fffd8bb3000 	C:\Windows\System32\ADVAPI32.dll
0x00007fffd8f60000 - 0x00007fffd8ffe000 	C:\Windows\System32\msvcrt.dll
0x00007fffda910000 - 0x00007fffda9a7000 	C:\Windows\System32\sechost.dll
0x00007fffd8e40000 - 0x00007fffd8f60000 	C:\Windows\System32\RPCRT4.dll
0x00007fffd8bf0000 - 0x00007fffd8d84000 	C:\Windows\System32\USER32.dll
0x00007fffd7df0000 - 0x00007fffd7e11000 	C:\Windows\System32\win32u.dll
0x00007fffd9af0000 - 0x00007fffd9b16000 	C:\Windows\System32\GDI32.dll
0x00007fffd7980000 - 0x00007fffd7b14000 	C:\Windows\System32\gdi32full.dll
0x00007fffd7ea0000 - 0x00007fffd7f3e000 	C:\Windows\System32\msvcp_win.dll
0x00007fffd8020000 - 0x00007fffd811a000 	C:\Windows\System32\ucrtbase.dll
0x00007fffc97b0000 - 0x00007fffc9a35000 	C:\Windows\WinSxS\amd64_microsoft.windows.common-controls_6595b64144ccf1df_6.0.18362.476_none_e6c4b11b130f2595\COMCTL32.dll
0x00007fffd9d30000 - 0x00007fffda066000 	C:\Windows\System32\combase.dll
0x00007fffd7e20000 - 0x00007fffd7ea0000 	C:\Windows\System32\bcryptPrimitives.dll
0x00007fffd8bc0000 - 0x00007fffd8bee000 	C:\Windows\System32\IMM32.DLL
0x0000000075fa0000 - 0x0000000076072000 	C:\Program Files\Android\Android Studio\jre\jre\bin\msvcr100.dll
0x0000000076160000 - 0x00000000769a6000 	C:\Program Files\Android\Android Studio\jre\jre\bin\server\jvm.dll
0x00007fffd9bf0000 - 0x00007fffd9bf8000 	C:\Windows\System32\PSAPI.DLL
0x00007fffca460000 - 0x00007fffca469000 	C:\Windows\SYSTEM32\WSOCK32.dll
0x00007fffda8a0000 - 0x00007fffda90f000 	C:\Windows\System32\WS2_32.dll
0x00007fffd5bc0000 - 0x00007fffd5be4000 	C:\Windows\SYSTEM32\WINMM.dll
0x00007fffd20c0000 - 0x00007fffd20ca000 	C:\Windows\SYSTEM32\VERSION.dll
0x00007fffd59c0000 - 0x00007fffd59ed000 	C:\Windows\SYSTEM32\WINMMBASE.dll
0x00007fffd8900000 - 0x00007fffd894a000 	C:\Windows\System32\cfgmgr32.dll
0x00007fffb26d0000 - 0x00007fffb26df000 	C:\Program Files\Android\Android Studio\jre\jre\bin\verify.dll
0x00007fff9d030000 - 0x00007fff9d059000 	C:\Program Files\Android\Android Studio\jre\jre\bin\java.dll
0x00007fffa4d10000 - 0x00007fffa4d26000 	C:\Program Files\Android\Android Studio\jre\jre\bin\zip.dll
0x00007fffda070000 - 0x00007fffda755000 	C:\Windows\System32\SHELL32.dll
0x00007fffd9c80000 - 0x00007fffd9d29000 	C:\Windows\System32\shcore.dll
0x00007fffd8180000 - 0x00007fffd88fe000 	C:\Windows\System32\windows.storage.dll
0x00007fffd78f0000 - 0x00007fffd790f000 	C:\Windows\System32\profapi.dll
0x00007fffd7910000 - 0x00007fffd795a000 	C:\Windows\System32\powrprof.dll
0x00007fffd78c0000 - 0x00007fffd78d0000 	C:\Windows\System32\UMPDC.dll
0x00007fffd9160000 - 0x00007fffd91b2000 	C:\Windows\System32\shlwapi.dll
0x00007fffd78d0000 - 0x00007fffd78e1000 	C:\Windows\System32\kernel.appcore.dll
0x00007fffd7dd0000 - 0x00007fffd7de7000 	C:\Windows\System32\cryptsp.dll
0x00007fff7f220000 - 0x00007fff7f23a000 	C:\Program Files\Android\Android Studio\jre\jre\bin\net.dll
0x00007fffd70d0000 - 0x00007fffd7137000 	C:\Windows\system32\mswsock.dll
0x00007fff7f200000 - 0x00007fff7f211000 	C:\Program Files\Android\Android Studio\jre\jre\bin\nio.dll
0x00007fff7e030000 - 0x00007fff7e056000 	C:\Users\mahdi120012\.gradle\native\29\windows-amd64\native-platform.dll
0x00007fffb1da0000 - 0x00007fffb1dad000 	C:\Program Files\Android\Android Studio\jre\jre\bin\management.dll
0x00007fffd6c40000 - 0x00007fffd6c73000 	C:\Windows\system32\rsaenh.dll
0x00007fffd7f40000 - 0x00007fffd7f66000 	C:\Windows\System32\bcrypt.dll
0x00007fffd77b0000 - 0x00007fffd77d5000 	C:\Windows\SYSTEM32\USERENV.dll
0x00007fffd72a0000 - 0x00007fffd72ac000 	C:\Windows\SYSTEM32\CRYPTBASE.dll
0x00007fffd6de0000 - 0x00007fffd6e1a000 	C:\Windows\SYSTEM32\IPHLPAPI.DLL
0x00007fffd8b00000 - 0x00007fffd8b08000 	C:\Windows\System32\NSI.dll
0x00007fffcda30000 - 0x00007fffcda46000 	C:\Windows\SYSTEM32\dhcpcsvc6.DLL
0x00007fffd1d80000 - 0x00007fffd1d9c000 	C:\Windows\SYSTEM32\dhcpcsvc.DLL
0x00007fffd6e20000 - 0x00007fffd6eea000 	C:\Windows\SYSTEM32\DNSAPI.dll

VM Arguments:
jvm_args: -XX:MaxMetaspaceSize=256m -XX:+HeapDumpOnOutOfMemoryError -Xms256m -Xmx512m -Dfile.encoding=windows-1252 -Duser.country=US -Duser.language=en -Duser.variant 
java_command: org.gradle.launcher.daemon.bootstrap.GradleDaemon 5.4.1
java_class_path (initial): C:\Users\mahdi120012\.gradle\wrapper\dists\gradle-5.4.1-all\3221gyojl5jsh0helicew7rwx\gradle-5.4.1\lib\gradle-launcher-5.4.1.jar
Launcher Type: SUN_STANDARD

Environment Variables:
PATH=C:\Program Files (x86)\Common Files\Oracle\Java\javapath;C:\Windows\system32;C:\Windows;C:\Windows\System32\Wbem;C:\Windows\System32\WindowsPowerShell\v1.0\;C:\Windows\System32\OpenSSH\;C:\Users\mahdi120012\AppData\Local\Microsoft\WindowsApps;C:\Users\mahdi120012\AppData\Local\GitHubDesktop\bin
USERNAME=mahdi120012
OS=Windows_NT
PROCESSOR_IDENTIFIER=Intel64 Family 6 Model 94 Stepping 3, GenuineIntel



---------------  S Y S T E M  ---------------

OS: Windows 10.0 , 64 bit Build 18362 (10.0.18362.329)

CPU:total 4 (initial active 4) (2 cores per cpu, 2 threads per core) family 6 model 94 stepping 3, cmov, cx8, fxsr, mmx, sse, sse2, sse3, ssse3, sse4.1, sse4.2, popcnt, avx, avx2, aes, clmul, erms, 3dnowpref, lzcnt, ht, tsc, tscinvbit, bmi1, bmi2, adx

Memory: 4k page, physical 8265904k(804424k free), swap 33431728k(5972k free)

vm_info: OpenJDK 64-Bit Server VM (25.202-b03) for windows-amd64 JRE (1.8.0_202-release-1483-b03), built by "builder" with MS VC++ 10.0 (VS2010)

time: Sun Nov 17 10:58:23 2019
timezone: Iran Standard Time
elapsed time: 412 seconds (0d 0h 6m 52s)

