#
# There is insufficient memory for the Java Runtime Environment to continue.
# Native memory allocation (malloc) failed to allocate 1139856 bytes for Chunk::new
# Possible reasons:
#   The system is out of physical RAM or swap space
#   The process is running with CompressedOops enabled, and the Java Heap may be blocking the growth of the native heap
# Possible solutions:
#   Reduce memory load on the system
#   Increase physical memory or swap space
#   Check if swap backing store is full
#   Decrease Java heap size (-Xmx/-Xms)
#   Decrease number of Java threads
#   Decrease Java thread stack sizes (-Xss)
#   Set larger code cache with -XX:ReservedCodeCacheSize=
#   JVM is running with Unscaled Compressed Oops mode in which the Java heap is
#     placed in the first 4GB address space. The Java Heap base address is the
#     maximum limit for the native heap growth. Please use -XX:HeapBaseMinAddress
#     to set the Java Heap base and to place the Java Heap above 4GB virtual address.
# This output file may be truncated or incomplete.
#
#  Out of Memory Error (allocation.cpp:389), pid=4360, tid=0x00000000000021bc
#
# JRE version: OpenJDK Runtime Environment (8.0_202-b03) (build 1.8.0_202-release-1483-b03)
# Java VM: OpenJDK 64-Bit Server VM (25.202-b03 mixed mode windows-amd64 compressed oops)
# Failed to write core dump. Minidumps are not enabled by default on client versions of Windows
#

---------------  T H R E A D  ---------------

Current thread (0x0000000013fa1800):  JavaThread "C2 CompilerThread1" daemon [_thread_in_native, id=8636, stack(0x0000000015700000,0x0000000015800000)]

Stack: [0x0000000015700000,0x0000000015800000]
[error occurred during error reporting (printing stack bounds), id 0xc0000005]

Native frames: (J=compiled Java code, j=interpreted, Vv=VM code, C=native code)


Current CompileTask:
C2:  40650 12502       4       com.android.tools.r8.ir.optimize.CodeRewriter::m (238 bytes)


---------------  P R O C E S S  ---------------

Java Threads: ( => current thread )
  0x0000000019fff800 JavaThread "Cache worker for execution history cache (C:\Users\mahdi120012\AndroidStudioProjects\HozorGhiyab\.gradle\5.4.1\executionHistory)" [_thread_blocked, id=8424, stack(0x0000000021540000,0x0000000021640000)]
  0x000000001a005000 JavaThread "Execution worker for ':' Thread 3" [_thread_blocked, id=4816, stack(0x0000000021440000,0x0000000021540000)]
  0x000000001a004000 JavaThread "Execution worker for ':' Thread 2" [_thread_in_Java, id=2492, stack(0x0000000021340000,0x0000000021440000)]
  0x000000001a001000 JavaThread "Execution worker for ':'" [_thread_blocked, id=2528, stack(0x0000000021240000,0x0000000021340000)]
  0x000000001a000800 JavaThread "Cache worker for file content cache (C:\Users\mahdi120012\AndroidStudioProjects\HozorGhiyab\.gradle\5.4.1\fileContent)" [_thread_blocked, id=8504, stack(0x0000000020d40000,0x0000000020e40000)]
  0x000000001a005800 JavaThread "Cache worker for file content cache (C:\Users\mahdi120012\.gradle\caches\5.4.1\fileContent)" [_thread_blocked, id=7080, stack(0x0000000020970000,0x0000000020a70000)]
  0x000000001a003800 JavaThread "Memory manager" [_thread_blocked, id=6892, stack(0x0000000020670000,0x0000000020770000)]
  0x0000000019ff7800 JavaThread "Cache worker for Build Output Cleanup Cache (C:\Users\mahdi120012\AndroidStudioProjects\HozorGhiyab\.gradle\buildOutputCleanup)" [_thread_blocked, id=10100, stack(0x000000001eda0000,0x000000001eea0000)]
  0x0000000019ffd800 JavaThread "pool-1-thread-1" [_thread_blocked, id=4984, stack(0x000000001df80000,0x000000001e080000)]
  0x0000000019ff9000 JavaThread "Build operations Thread 4" [_thread_blocked, id=5212, stack(0x000000001e6a0000,0x000000001e7a0000)]
  0x0000000019ffc800 JavaThread "Build operations Thread 3" [_thread_blocked, id=7544, stack(0x000000001e5a0000,0x000000001e6a0000)]
  0x0000000019ffc000 JavaThread "Build operations Thread 2" [_thread_blocked, id=10852, stack(0x000000001e4a0000,0x000000001e5a0000)]
  0x0000000019ffe000 JavaThread "Build operations" [_thread_blocked, id=10256, stack(0x000000001e3a0000,0x000000001e4a0000)]
  0x0000000019ff8000 JavaThread "Cache worker for execution history cache (C:\Users\mahdi120012\.gradle\caches\5.4.1\executionHistory)" [_thread_blocked, id=7804, stack(0x000000001e0a0000,0x000000001e1a0000)]
  0x0000000019ffa800 JavaThread "Cache worker for cache directory md-rule (C:\Users\mahdi120012\.gradle\caches\5.4.1\md-rule)" [_thread_blocked, id=7628, stack(0x000000001de80000,0x000000001df80000)]
  0x0000000019ffb000 JavaThread "Cache worker for cache directory md-supplier (C:\Users\mahdi120012\.gradle\caches\5.4.1\md-supplier)" [_thread_blocked, id=3956, stack(0x000000001dd80000,0x000000001de80000)]
  0x0000000017866800 JavaThread "Cache worker for file hash cache (C:\Users\mahdi120012\AndroidStudioProjects\HozorGhiyab\.gradle\5.4.1\fileHashes)" [_thread_blocked, id=1464, stack(0x000000001b0a0000,0x000000001b1a0000)]
  0x000000001786a800 JavaThread "Cache worker for journal cache (C:\Users\mahdi120012\.gradle\caches\journal-1)" [_thread_blocked, id=11156, stack(0x0000000019b20000,0x0000000019c20000)]
  0x0000000017868000 JavaThread "File lock request listener" [_thread_in_native, id=3568, stack(0x0000000019a20000,0x0000000019b20000)]
  0x0000000017869800 JavaThread "Cache worker for file hash cache (C:\Users\mahdi120012\.gradle\caches\5.4.1\fileHashes)" [_thread_blocked, id=8872, stack(0x0000000019920000,0x0000000019a20000)]
  0x0000000016b94000 JavaThread "Thread-9" [_thread_blocked, id=8948, stack(0x0000000019820000,0x0000000019920000)]
  0x0000000016d55800 JavaThread "Stdin handler" [_thread_blocked, id=4724, stack(0x0000000019720000,0x0000000019820000)]
  0x0000000016d4b000 JavaThread "Asynchronous log dispatcher for DefaultDaemonConnection: socket connection from /127.0.0.1:50414 to /127.0.0.1:50415" [_thread_blocked, id=5916, stack(0x0000000019620000,0x0000000019720000)]
  0x0000000016d46000 JavaThread "Daemon worker" [_thread_blocked, id=2556, stack(0x0000000019520000,0x0000000019620000)]
  0x0000000016d40800 JavaThread "Cancel handler" [_thread_blocked, id=728, stack(0x0000000019420000,0x0000000019520000)]
  0x0000000016e54000 JavaThread "Handler for socket connection from /127.0.0.1:50414 to /127.0.0.1:50415" [_thread_in_native, id=10524, stack(0x0000000019120000,0x0000000019220000)]
  0x0000000017407000 JavaThread "Daemon" [_thread_blocked, id=9956, stack(0x0000000019020000,0x0000000019120000)]
  0x000000001751f800 JavaThread "Daemon periodic checks" [_thread_blocked, id=6724, stack(0x0000000018f20000,0x0000000019020000)]
  0x0000000017568800 JavaThread "Incoming local TCP Connector on port 50414" [_thread_in_native, id=8740, stack(0x0000000018ce0000,0x0000000018de0000)]
  0x0000000016cdb000 JavaThread "Daemon health stats" [_thread_blocked, id=3592, stack(0x00000000186a0000,0x00000000187a0000)]
  0x0000000015920800 JavaThread "Service Thread" daemon [_thread_blocked, id=10920, stack(0x0000000015d00000,0x0000000015e00000)]
  0x0000000013faa800 JavaThread "C1 CompilerThread2" daemon [_thread_blocked, id=9916, stack(0x0000000015800000,0x0000000015900000)]
=>0x0000000013fa1800 JavaThread "C2 CompilerThread1" daemon [_thread_in_native, id=8636, stack(0x0000000015700000,0x0000000015800000)]
  0x0000000013f9c800 JavaThread "C2 CompilerThread0" daemon [_thread_in_native, id=10820, stack(0x0000000015600000,0x0000000015700000)]
  0x0000000013f9b000 JavaThread "Attach Listener" daemon [_thread_blocked, id=7988, stack(0x0000000015500000,0x0000000015600000)]
  0x0000000013f99800 JavaThread "Signal Dispatcher" daemon [_thread_blocked, id=9292, stack(0x0000000015400000,0x0000000015500000)]
  0x0000000002c2b000 JavaThread "Finalizer" daemon [_thread_blocked, id=10060, stack(0x0000000015200000,0x0000000015300000)]
  0x0000000013f89000 JavaThread "Reference Handler" daemon [_thread_blocked, id=10888, stack(0x0000000015100000,0x0000000015200000)]
  0x000000000126d800 JavaThread "main" [_thread_blocked, id=7748, stack(0x0000000002a30000,0x0000000002b30000)]

Other Threads:
  0x0000000013f66000 VMThread [stack: 0x0000000015000000,0x0000000015100000] [id=3792]
  0x0000000013ffe800 WatcherThread [stack: 0x0000000015e00000,0x0000000015f00000] [id=4260]

VM state:not at safepoint (normal execution)

VM Mutex/Monitor currently owned by a thread: None

heap address: 0x00000000e0000000, size: 512 MB, Compressed Oops mode: 32-bit
Narrow klass base: 0x0000000000000000, Narrow klass shift: 3
Compressed class space size: 1073741824 Address: 0x0000000100000000

Heap:
 PSYoungGen      total 155648K, used 110078K [0x00000000f5580000, 0x00000000ffe80000, 0x0000000100000000)
  eden space 138240K, 78% used [0x00000000f5580000,0x00000000fbfd1780,0x00000000fdc80000)
  from space 17408K, 6% used [0x00000000fed80000,0x00000000feeae3a0,0x00000000ffe80000)
  to   space 17408K, 0% used [0x00000000fdc80000,0x00000000fdc80000,0x00000000fed80000)
 ParOldGen       total 175104K, used 55809K [0x00000000e0000000, 0x00000000eab00000, 0x00000000f5580000)
  object space 175104K, 31% used [0x00000000e0000000,0x00000000e3680700,0x00000000eab00000)
 Metaspace       used 72592K, capacity 75236K, committed 75352K, reserved 1114112K
  class space    used 9704K, capacity 10289K, committed 10368K, reserved 1048576K

Card table byte_map: [0x0000000011ff0000,0x0000000012100000] byte_map_base: 0x00000000118f0000

Marking Bits: (ParMarkBitMap*) 0x0000000076929f30
 Begin Bits: [0x0000000012500000, 0x0000000012d00000)
 End Bits:   [0x0000000012d00000, 0x0000000013500000)

Polling page: 0x0000000000d40000

CodeCache: size=245760Kb used=38653Kb max_used=38810Kb free=207106Kb
 bounds [0x0000000002c30000, 0x0000000005250000, 0x0000000011c30000]
 total_blobs=11548 nmethods=10728 adapters=731
 compilation: enabled

Compilation events (10 events):
Event: 40.474 Thread 0x0000000013faa800 12550       2       java.util.Formatter$FormatSpecifier::print (66 bytes)
Event: 40.474 Thread 0x0000000013faa800 nmethod 12550 0x00000000043cc5d0 code [0x00000000043cc760, 0x00000000043cc9f8]
Event: 40.475 Thread 0x0000000013faa800 12551       2       com.google.gson.internal.$Gson$Preconditions::checkArgument (13 bytes)
Event: 40.475 Thread 0x0000000013faa800 nmethod 12551 0x00000000043cc1d0 code [0x00000000043cc340, 0x00000000043cc508]
Event: 40.570 Thread 0x0000000013faa800 12552 %     3       com.android.tools.r8.ir.regalloc.LinearScanRegisterAllocator::c @ 27 (188 bytes)
Event: 40.572 Thread 0x0000000013faa800 nmethod 12552% 0x0000000004c24fd0 code [0x0000000004c25320, 0x0000000004c26e68]
Event: 40.622 Thread 0x0000000013f9c800 nmethod 12360 0x0000000004cde390 code [0x0000000004cdefa0, 0x0000000004ce66a0]
Event: 40.623 Thread 0x0000000013f9c800 12553       4       com.android.tools.r8.n.a.a.a.g.B0$e::contains (207 bytes)
Event: 40.631 Thread 0x0000000013f9c800 nmethod 12553 0x0000000004c22f90 code [0x0000000004c23100, 0x0000000004c23538]
Event: 40.631 Thread 0x0000000013f9c800 12513       4       com.android.tools.r8.ir.optimize.PeepholeOptimizer::a (1322 bytes)

GC Heap History (10 events):
Event: 36.721 GC heap before
{Heap before GC invocations=39 (full 3):
 PSYoungGen      total 151552K, used 133191K [0x00000000f5580000, 0x00000000ffe00000, 0x0000000100000000)
  eden space 131072K, 100% used [0x00000000f5580000,0x00000000fd580000,0x00000000fd580000)
  from space 20480K, 10% used [0x00000000fd580000,0x00000000fd791c70,0x00000000fe980000)
  to   space 19456K, 0% used [0x00000000feb00000,0x00000000feb00000,0x00000000ffe00000)
 ParOldGen       total 175104K, used 55641K [0x00000000e0000000, 0x00000000eab00000, 0x00000000f5580000)
  object space 175104K, 31% used [0x00000000e0000000,0x00000000e3656700,0x00000000eab00000)
 Metaspace       used 72501K, capacity 75162K, committed 75352K, reserved 1114112K
  class space    used 9703K, capacity 10288K, committed 10368K, reserved 1048576K
Event: 36.734 GC heap after
Heap after GC invocations=39 (full 3):
 PSYoungGen      total 153088K, used 8436K [0x00000000f5580000, 0x00000000fff00000, 0x0000000100000000)
  eden space 133632K, 0% used [0x00000000f5580000,0x00000000f5580000,0x00000000fd800000)
  from space 19456K, 43% used [0x00000000feb00000,0x00000000ff33d388,0x00000000ffe00000)
  to   space 19456K, 0% used [0x00000000fd800000,0x00000000fd800000,0x00000000feb00000)
 ParOldGen       total 175104K, used 55689K [0x00000000e0000000, 0x00000000eab00000, 0x00000000f5580000)
  object space 175104K, 31% used [0x00000000e0000000,0x00000000e3662700,0x00000000eab00000)
 Metaspace       used 72501K, capacity 75162K, committed 75352K, reserved 1114112K
  class space    used 9703K, capacity 10288K, committed 10368K, reserved 1048576K
}
Event: 37.332 GC heap before
{Heap before GC invocations=40 (full 3):
 PSYoungGen      total 153088K, used 142068K [0x00000000f5580000, 0x00000000fff00000, 0x0000000100000000)
  eden space 133632K, 100% used [0x00000000f5580000,0x00000000fd800000,0x00000000fd800000)
  from space 19456K, 43% used [0x00000000feb00000,0x00000000ff33d388,0x00000000ffe00000)
  to   space 19456K, 0% used [0x00000000fd800000,0x00000000fd800000,0x00000000feb00000)
 ParOldGen       total 175104K, used 55689K [0x00000000e0000000, 0x00000000eab00000, 0x00000000f5580000)
  object space 175104K, 31% used [0x00000000e0000000,0x00000000e3662700,0x00000000eab00000)
 Metaspace       used 72506K, capacity 75162K, committed 75352K, reserved 1114112K
  class space    used 9703K, capacity 10288K, committed 10368K, reserved 1048576K
Event: 37.343 GC heap after
Heap after GC invocations=40 (full 3):
 PSYoungGen      total 153088K, used 8557K [0x00000000f5580000, 0x00000000fff00000, 0x0000000100000000)
  eden space 133632K, 0% used [0x00000000f5580000,0x00000000f5580000,0x00000000fd800000)
  from space 19456K, 43% used [0x00000000fd800000,0x00000000fe05b688,0x00000000feb00000)
  to   space 18944K, 0% used [0x00000000fec80000,0x00000000fec80000,0x00000000fff00000)
 ParOldGen       total 175104K, used 55697K [0x00000000e0000000, 0x00000000eab00000, 0x00000000f5580000)
  object space 175104K, 31% used [0x00000000e0000000,0x00000000e3664700,0x00000000eab00000)
 Metaspace       used 72506K, capacity 75162K, committed 75352K, reserved 1114112K
  class space    used 9703K, capacity 10288K, committed 10368K, reserved 1048576K
}
Event: 38.253 GC heap before
{Heap before GC invocations=41 (full 3):
 PSYoungGen      total 153088K, used 142189K [0x00000000f5580000, 0x00000000fff00000, 0x0000000100000000)
  eden space 133632K, 100% used [0x00000000f5580000,0x00000000fd800000,0x00000000fd800000)
  from space 19456K, 43% used [0x00000000fd800000,0x00000000fe05b688,0x00000000feb00000)
  to   space 18944K, 0% used [0x00000000fec80000,0x00000000fec80000,0x00000000fff00000)
 ParOldGen       total 175104K, used 55697K [0x00000000e0000000, 0x00000000eab00000, 0x00000000f5580000)
  object space 175104K, 31% used [0x00000000e0000000,0x00000000e3664700,0x00000000eab00000)
 Metaspace       used 72515K, capacity 75162K, committed 75352K, reserved 1114112K
  class space    used 9703K, capacity 10288K, committed 10368K, reserved 1048576K
Event: 38.262 GC heap after
Heap after GC invocations=41 (full 3):
 PSYoungGen      total 154624K, used 7654K [0x00000000f5580000, 0x00000000ffe80000, 0x0000000100000000)
  eden space 136192K, 0% used [0x00000000f5580000,0x00000000f5580000,0x00000000fda80000)
  from space 18432K, 41% used [0x00000000fec80000,0x00000000ff3f98d0,0x00000000ffe80000)
  to   space 18432K, 0% used [0x00000000fda80000,0x00000000fda80000,0x00000000fec80000)
 ParOldGen       total 175104K, used 55721K [0x00000000e0000000, 0x00000000eab00000, 0x00000000f5580000)
  object space 175104K, 31% used [0x00000000e0000000,0x00000000e366a700,0x00000000eab00000)
 Metaspace       used 72515K, capacity 75162K, committed 75352K, reserved 1114112K
  class space    used 9703K, capacity 10288K, committed 10368K, reserved 1048576K
}
Event: 39.102 GC heap before
{Heap before GC invocations=42 (full 3):
 PSYoungGen      total 154624K, used 143846K [0x00000000f5580000, 0x00000000ffe80000, 0x0000000100000000)
  eden space 136192K, 100% used [0x00000000f5580000,0x00000000fda80000,0x00000000fda80000)
  from space 18432K, 41% used [0x00000000fec80000,0x00000000ff3f98d0,0x00000000ffe80000)
  to   space 18432K, 0% used [0x00000000fda80000,0x00000000fda80000,0x00000000fec80000)
 ParOldGen       total 175104K, used 55721K [0x00000000e0000000, 0x00000000eab00000, 0x00000000f5580000)
  object space 175104K, 31% used [0x00000000e0000000,0x00000000e366a700,0x00000000eab00000)
 Metaspace       used 72527K, capacity 75226K, committed 75352K, reserved 1114112K
  class space    used 9703K, capacity 10288K, committed 10368K, reserved 1048576K
Event: 39.105 GC heap after
Heap after GC invocations=42 (full 3):
 PSYoungGen      total 154624K, used 800K [0x00000000f5580000, 0x00000000fff00000, 0x0000000100000000)
  eden space 136192K, 0% used [0x00000000f5580000,0x00000000f5580000,0x00000000fda80000)
  from space 18432K, 4% used [0x00000000fda80000,0x00000000fdb48000,0x00000000fec80000)
  to   space 17920K, 0% used [0x00000000fed80000,0x00000000fed80000,0x00000000fff00000)
 ParOldGen       total 175104K, used 55777K [0x00000000e0000000, 0x00000000eab00000, 0x00000000f5580000)
  object space 175104K, 31% used [0x00000000e0000000,0x00000000e3678700,0x00000000eab00000)
 Metaspace       used 72527K, capacity 75226K, committed 75352K, reserved 1114112K
  class space    used 9703K, capacity 10288K, committed 10368K, reserved 1048576K
}
Event: 40.016 GC heap before
{Heap before GC invocations=43 (full 3):
 PSYoungGen      total 154624K, used 136992K [0x00000000f5580000, 0x00000000fff00000, 0x0000000100000000)
  eden space 136192K, 100% used [0x00000000f5580000,0x00000000fda80000,0x00000000fda80000)
  from space 18432K, 4% used [0x00000000fda80000,0x00000000fdb48000,0x00000000fec80000)
  to   space 17920K, 0% used [0x00000000fed80000,0x00000000fed80000,0x00000000fff00000)
 ParOldGen       total 175104K, used 55777K [0x00000000e0000000, 0x00000000eab00000, 0x00000000f5580000)
  object space 175104K, 31% used [0x00000000e0000000,0x00000000e3678700,0x00000000eab00000)
 Metaspace       used 72555K, capacity 75230K, committed 75352K, reserved 1114112K
  class space    used 9703K, capacity 10288K, committed 10368K, reserved 1048576K
Event: 40.021 GC heap after
Heap after GC invocations=43 (full 3):
 PSYoungGen      total 155648K, used 1208K [0x00000000f5580000, 0x00000000ffe80000, 0x0000000100000000)
  eden space 138240K, 0% used [0x00000000f5580000,0x00000000f5580000,0x00000000fdc80000)
  from space 17408K, 6% used [0x00000000fed80000,0x00000000feeae3a0,0x00000000ffe80000)
  to   space 17408K, 0% used [0x00000000fdc80000,0x00000000fdc80000,0x00000000fed80000)
 ParOldGen       total 175104K, used 55809K [0x00000000e0000000, 0x00000000eab00000, 0x00000000f5580000)
  object space 175104K, 31% used [0x00000000e0000000,0x00000000e3680700,0x00000000eab00000)
 Metaspace       used 72555K, capacity 75230K, committed 75352K, reserved 1114112K
  class space    used 9703K, capacity 10288K, committed 10368K, reserved 1048576K
}

Deoptimization events (10 events):
Event: 35.081 Thread 0x000000001a004000 Uncommon trap: reason=bimorphic action=maybe_recompile pc=0x00000000050403a0 method=com.android.tools.r8.ir.optimize.CodeRewriter.a(Lcom/android/tools/r8/ir/code/IRCode;Lcom/android/tools/r8/ir/code/BasicBlock;Lcom/android/tools/r8/m/a/a/a/X;Ljava/util/Ma
Event: 36.204 Thread 0x000000001a004000 Uncommon trap: reason=unstable_if action=reinterpret pc=0x0000000004bae28c method=com.android.tools.r8.graph.DexString.<init>(Ljava/lang/String;)V @ 39
Event: 36.463 Thread 0x000000001a004000 Uncommon trap: reason=class_check action=maybe_recompile pc=0x000000000487b518 method=com.android.tools.r8.ir.conversion.U.a(Lcom/android/tools/r8/ir/conversion/T;)Z @ 4
Event: 36.748 Thread 0x000000001a004000 Uncommon trap: reason=unstable_if action=reinterpret pc=0x0000000004e2c3d8 method=com.android.tools.r8.ir.regalloc.LinearScanRegisterAllocator.a(Lcom/android/tools/r8/m/a/a/b/d0;Ljava/util/List;Lcom/android/tools/r8/ir/regalloc/RegisterAllocator;Ljava/uti
Event: 37.183 Thread 0x000000001a004000 Uncommon trap: reason=class_check action=maybe_recompile pc=0x000000000487b518 method=com.android.tools.r8.ir.conversion.U.a(Lcom/android/tools/r8/ir/conversion/T;)Z @ 4
Event: 37.183 Thread 0x000000001a004000 Uncommon trap: reason=class_check action=maybe_recompile pc=0x000000000487b518 method=com.android.tools.r8.ir.conversion.U.a(Lcom/android/tools/r8/ir/conversion/T;)Z @ 4
Event: 37.567 Thread 0x000000001a004000 Uncommon trap: reason=unstable_if action=reinterpret pc=0x0000000004f9ee2c method=com.android.tools.r8.ir.conversion.N.b(Lcom/android/tools/r8/t/a/a/G/a;)Z @ 39
Event: 39.884 Thread 0x000000001a004000 Uncommon trap: reason=class_check action=maybe_recompile pc=0x0000000005167044 method=com.android.tools.r8.ir.optimize.CodeRewriter.i(Lcom/android/tools/r8/ir/code/IRCode;)V @ 113
Event: 39.920 Thread 0x000000001a004000 Uncommon trap: reason=class_check action=maybe_recompile pc=0x0000000005167044 method=com.android.tools.r8.ir.optimize.CodeRewriter.i(Lcom/android/tools/r8/ir/code/IRCode;)V @ 113
Event: 40.077 Thread 0x000000001a004000 Uncommon trap: reason=predicate action=maybe_recompile pc=0x0000000005220fa0 method=com.android.tools.r8.ir.optimize.CodeRewriter.e(Lcom/android/tools/r8/ir/code/Instruction;)Z @ 226

Classes redefined (0 events):
No events

Internal exceptions (10 events):
Event: 40.240 Thread 0x000000001a004000 Exception <a 'sun/nio/fs/WindowsException'> (0x00000000f7d69b80) thrown at [D:\src\AOSP-openjdk-cygwin\jdk8u\hotspot\src\share\vm\prims\jni.cpp, line 710]
Event: 40.258 Thread 0x000000001a004000 Exception <a 'sun/nio/fs/WindowsException'> (0x00000000f7dbac80) thrown at [D:\src\AOSP-openjdk-cygwin\jdk8u\hotspot\src\share\vm\prims\jni.cpp, line 710]
Event: 40.304 Thread 0x000000001a004000 Exception <a 'sun/nio/fs/WindowsException'> (0x00000000f8acbc10) thrown at [D:\src\AOSP-openjdk-cygwin\jdk8u\hotspot\src\share\vm\prims\jni.cpp, line 710]
Event: 40.331 Thread 0x000000001a004000 Exception <a 'sun/nio/fs/WindowsException'> (0x00000000f8b39128) thrown at [D:\src\AOSP-openjdk-cygwin\jdk8u\hotspot\src\share\vm\prims\jni.cpp, line 710]
Event: 40.394 Thread 0x000000001a004000 Exception <a 'sun/nio/fs/WindowsException'> (0x00000000f98c1e08) thrown at [D:\src\AOSP-openjdk-cygwin\jdk8u\hotspot\src\share\vm\prims\jni.cpp, line 710]
Event: 40.422 Thread 0x000000001a004000 Exception <a 'sun/nio/fs/WindowsException'> (0x00000000f9911f98) thrown at [D:\src\AOSP-openjdk-cygwin\jdk8u\hotspot\src\share\vm\prims\jni.cpp, line 710]
Event: 40.436 Thread 0x000000001a004000 Exception <a 'sun/nio/fs/WindowsException'> (0x00000000f9bb83b0) thrown at [D:\src\AOSP-openjdk-cygwin\jdk8u\hotspot\src\share\vm\prims\jni.cpp, line 710]
Event: 40.449 Thread 0x000000001a004000 Exception <a 'sun/nio/fs/WindowsException'> (0x00000000f9cf67b0) thrown at [D:\src\AOSP-openjdk-cygwin\jdk8u\hotspot\src\share\vm\prims\jni.cpp, line 710]
Event: 40.461 Thread 0x000000001a004000 Exception <a 'sun/nio/fs/WindowsException'> (0x00000000f9ecd2c0) thrown at [D:\src\AOSP-openjdk-cygwin\jdk8u\hotspot\src\share\vm\prims\jni.cpp, line 710]
Event: 40.484 Thread 0x000000001a004000 Exception <a 'sun/nio/fs/WindowsException'> (0x00000000fa103040) thrown at [D:\src\AOSP-openjdk-cygwin\jdk8u\hotspot\src\share\vm\prims\jni.cpp, line 710]

Events (10 events):
Event: 40.451 loading class com/android/tools/r8/graph/x
Event: 40.451 loading class com/android/tools/r8/graph/x done
Event: 40.526 Thread 0x000000001a004000 DEOPT PACKING pc=0x00000000045c670c sp=0x0000000021439c40
Event: 40.526 Thread 0x000000001a004000 DEOPT UNPACKING pc=0x0000000002c775d0 sp=0x00000000214399a8 mode 0
Event: 40.528 Thread 0x000000001a004000 DEOPT PACKING pc=0x000000000489d3b0 sp=0x0000000021439750
Event: 40.528 Thread 0x000000001a004000 DEOPT UNPACKING pc=0x0000000002c775d0 sp=0x00000000214395f8 mode 0
Event: 40.627 Thread 0x000000001a004000 DEOPT PACKING pc=0x000000000489d3b0 sp=0x0000000021439750
Event: 40.627 Thread 0x000000001a004000 DEOPT UNPACKING pc=0x0000000002c775d0 sp=0x00000000214395f8 mode 0
Event: 40.633 Thread 0x000000001a004000 DEOPT PACKING pc=0x00000000045c66af sp=0x0000000021439c40
Event: 40.634 Thread 0x000000001a004000 DEOPT UNPACKING pc=0x0000000002c775d0 sp=0x00000000214399a8 mode 0


Dynamic libraries:
0x00007ff7720c0000 - 0x00007ff7720f1000 	C:\Program Files\Android\Android Studio\jre\bin\java.exe
0x00007fffdaa20000 - 0x00007fffdac10000 	C:\Windows\SYSTEM32\ntdll.dll
0x00007fffda7e0000 - 0x00007fffda892000 	C:\Windows\System32\KERNEL32.DLL
0x00007fffd7b20000 - 0x00007fffd7dc3000 	C:\Windows\System32\KERNELBASE.dll
0x00007fffd8b10000 - 0x00007fffd8bb3000 	C:\Windows\System32\ADVAPI32.dll
0x00007fffd8f60000 - 0x00007fffd8ffe000 	C:\Windows\System32\msvcrt.dll
0x00007fffda910000 - 0x00007fffda9a7000 	C:\Windows\System32\sechost.dll
0x00007fffd8e40000 - 0x00007fffd8f60000 	C:\Windows\System32\RPCRT4.dll
0x00007fffd8bf0000 - 0x00007fffd8d84000 	C:\Windows\System32\USER32.dll
0x00007fffd7df0000 - 0x00007fffd7e11000 	C:\Windows\System32\win32u.dll
0x00007fffd9af0000 - 0x00007fffd9b16000 	C:\Windows\System32\GDI32.dll
0x00007fffd7980000 - 0x00007fffd7b14000 	C:\Windows\System32\gdi32full.dll
0x00007fffd7ea0000 - 0x00007fffd7f3e000 	C:\Windows\System32\msvcp_win.dll
0x00007fffd8020000 - 0x00007fffd811a000 	C:\Windows\System32\ucrtbase.dll
0x00007fffc97b0000 - 0x00007fffc9a35000 	C:\Windows\WinSxS\amd64_microsoft.windows.common-controls_6595b64144ccf1df_6.0.18362.476_none_e6c4b11b130f2595\COMCTL32.dll
0x00007fffd9d30000 - 0x00007fffda066000 	C:\Windows\System32\combase.dll
0x00007fffd7e20000 - 0x00007fffd7ea0000 	C:\Windows\System32\bcryptPrimitives.dll
0x00007fffd8bc0000 - 0x00007fffd8bee000 	C:\Windows\System32\IMM32.DLL
0x0000000076bb0000 - 0x0000000076c82000 	C:\Program Files\Android\Android Studio\jre\jre\bin\msvcr100.dll
0x0000000076160000 - 0x00000000769a6000 	C:\Program Files\Android\Android Studio\jre\jre\bin\server\jvm.dll
0x00007fffd9bf0000 - 0x00007fffd9bf8000 	C:\Windows\System32\PSAPI.DLL
0x00007fffd5bc0000 - 0x00007fffd5be4000 	C:\Windows\SYSTEM32\WINMM.dll
0x00007fffca460000 - 0x00007fffca469000 	C:\Windows\SYSTEM32\WSOCK32.dll
0x00007fffd20c0000 - 0x00007fffd20ca000 	C:\Windows\SYSTEM32\VERSION.dll
0x00007fffd59c0000 - 0x00007fffd59ed000 	C:\Windows\SYSTEM32\WINMMBASE.dll
0x00007fffda8a0000 - 0x00007fffda90f000 	C:\Windows\System32\WS2_32.dll
0x00007fffd8900000 - 0x00007fffd894a000 	C:\Windows\System32\cfgmgr32.dll
0x00007fffb26d0000 - 0x00007fffb26df000 	C:\Program Files\Android\Android Studio\jre\jre\bin\verify.dll
0x00007fff9d030000 - 0x00007fff9d059000 	C:\Program Files\Android\Android Studio\jre\jre\bin\java.dll
0x00007fffa4d10000 - 0x00007fffa4d26000 	C:\Program Files\Android\Android Studio\jre\jre\bin\zip.dll
0x00007fffda070000 - 0x00007fffda755000 	C:\Windows\System32\SHELL32.dll
0x00007fffd9c80000 - 0x00007fffd9d29000 	C:\Windows\System32\shcore.dll
0x00007fffd8180000 - 0x00007fffd88fe000 	C:\Windows\System32\windows.storage.dll
0x00007fffd78f0000 - 0x00007fffd790f000 	C:\Windows\System32\profapi.dll
0x00007fffd7910000 - 0x00007fffd795a000 	C:\Windows\System32\powrprof.dll
0x00007fffd78c0000 - 0x00007fffd78d0000 	C:\Windows\System32\UMPDC.dll
0x00007fffd9160000 - 0x00007fffd91b2000 	C:\Windows\System32\shlwapi.dll
0x00007fffd78d0000 - 0x00007fffd78e1000 	C:\Windows\System32\kernel.appcore.dll
0x00007fffd7dd0000 - 0x00007fffd7de7000 	C:\Windows\System32\cryptsp.dll
0x00007fff7f220000 - 0x00007fff7f23a000 	C:\Program Files\Android\Android Studio\jre\jre\bin\net.dll
0x00007fffd70d0000 - 0x00007fffd7137000 	C:\Windows\system32\mswsock.dll
0x00007fff7f200000 - 0x00007fff7f211000 	C:\Program Files\Android\Android Studio\jre\jre\bin\nio.dll
0x00007fff7e030000 - 0x00007fff7e056000 	C:\Users\mahdi120012\.gradle\native\29\windows-amd64\native-platform.dll
0x00007fffb1da0000 - 0x00007fffb1dad000 	C:\Program Files\Android\Android Studio\jre\jre\bin\management.dll
0x00007fffd6c40000 - 0x00007fffd6c73000 	C:\Windows\system32\rsaenh.dll
0x00007fffd7f40000 - 0x00007fffd7f66000 	C:\Windows\System32\bcrypt.dll
0x00007fffd77b0000 - 0x00007fffd77d5000 	C:\Windows\SYSTEM32\USERENV.dll
0x00007fffd72a0000 - 0x00007fffd72ac000 	C:\Windows\SYSTEM32\CRYPTBASE.dll
0x00007fffd6de0000 - 0x00007fffd6e1a000 	C:\Windows\SYSTEM32\IPHLPAPI.DLL
0x00007fffd8b00000 - 0x00007fffd8b08000 	C:\Windows\System32\NSI.dll
0x00007fffcda30000 - 0x00007fffcda46000 	C:\Windows\SYSTEM32\dhcpcsvc6.DLL
0x00007fffd1d80000 - 0x00007fffd1d9c000 	C:\Windows\SYSTEM32\dhcpcsvc.DLL
0x00007fffd6e20000 - 0x00007fffd6eea000 	C:\Windows\SYSTEM32\DNSAPI.dll

VM Arguments:
jvm_args: -XX:MaxMetaspaceSize=256m -XX:+HeapDumpOnOutOfMemoryError -Xms256m -Xmx512m -Dfile.encoding=windows-1252 -Duser.country=US -Duser.language=en -Duser.variant 
java_command: org.gradle.launcher.daemon.bootstrap.GradleDaemon 5.4.1
java_class_path (initial): C:\Users\mahdi120012\.gradle\wrapper\dists\gradle-5.4.1-all\3221gyojl5jsh0helicew7rwx\gradle-5.4.1\lib\gradle-launcher-5.4.1.jar
Launcher Type: SUN_STANDARD

Environment Variables:
PATH=C:\Program Files (x86)\Common Files\Oracle\Java\javapath;C:\Windows\system32;C:\Windows;C:\Windows\System32\Wbem;C:\Windows\System32\WindowsPowerShell\v1.0\;C:\Windows\System32\OpenSSH\;C:\Users\mahdi120012\AppData\Local\Microsoft\WindowsApps;C:\Users\mahdi120012\AppData\Local\GitHubDesktop\bin
USERNAME=mahdi120012
OS=Windows_NT
PROCESSOR_IDENTIFIER=Intel64 Family 6 Model 94 Stepping 3, GenuineIntel



---------------  S Y S T E M  ---------------

OS: Windows 10.0 , 64 bit Build 18362 (10.0.18362.329)

CPU:total 4 (initial active 4) (2 cores per cpu, 2 threads per core) family 6 model 94 stepping 3, cmov, cx8, fxsr, mmx, sse, sse2, sse3, ssse3, sse4.1, sse4.2, popcnt, avx, avx2, aes, clmul, erms, 3dnowpref, lzcnt, ht, tsc, tscinvbit, bmi1, bmi2, adx

Memory: 4k page, physical 8265904k(76028k free), swap 33431728k(5856k free)

vm_info: OpenJDK 64-Bit Server VM (25.202-b03) for windows-amd64 JRE (1.8.0_202-release-1483-b03), built by "builder" with MS VC++ 10.0 (VS2010)

time: Sun Nov 17 10:59:16 2019
timezone: Iran Standard Time
elapsed time: 40 seconds (0d 0h 0m 40s)

